<?xml version="1.0" encoding="utf-8"?>
<assemblies timestamp="06/23/2020 14:55:23">
  <assembly name="C:\Users\Sam\Documents\Code\healthgateway\Apps\AdminWebClient\test\unit\bin\Debug\netcoreapp3.1\AdminWebClientTests.dll" run-date="2020-06-23" run-time="14:55:23" total="2" passed="2" failed="0" skipped="0" time="0.230" errors="0">
    <errors />
    <collection total="1" passed="1" failed="0" skipped="0" name="Test collection for HealthGateway.Admin.Test.Services.CommunicationControllerTest" time="0.108">
      <test name="HealthGateway.Admin.Test.Services.CommunicationControllerTest.ShouldAddCommunication" type="HealthGateway.Admin.Test.Services.CommunicationControllerTest" method="ShouldAddCommunication" time="0.1080595" result="Pass">
        <traits />
      </test>
    </collection>
    <collection total="1" passed="1" failed="0" skipped="0" name="Test collection for HealthGateway.Admin.Test.Services.CommunicationServiceTest" time="0.122">
      <test name="HealthGateway.Admin.Test.Services.CommunicationServiceTest.ShouldAddCommunication" type="HealthGateway.Admin.Test.Services.CommunicationServiceTest" method="ShouldAddCommunication" time="0.1222664" result="Pass">
        <traits />
      </test>
    </collection>
  </assembly>
</assemblies>